[2024-10-10 18:35:56]: [3400] Webhook Service Started.
[2024-10-10 18:35:56]: [3400] Running process: [3400]
[2024-10-10 18:35:56]: [3400] Queue total: [15]
[2024-10-10 18:35:56]: [3400] Failed Retrying URL: https://webhook-test.info1100.workers.dev/fail1 => Status: 
[2024-10-10 18:35:56]: [3400] Response: null
[2024-10-10 18:35:57]: [3400] Failed Retrying URL: https://webhook-test.info1100.workers.dev/fail1 => Status: 
[2024-10-10 18:35:57]: [3400] Response: null
[2024-10-10 18:35:59]: [3400] Failed Retrying URL: https://webhook-test.info1100.workers.dev/fail1 => Status: 
[2024-10-10 18:35:59]: [3400] Response: null
[2024-10-10 18:36:03]: [3400] Failed Retrying URL: https://webhook-test.info1100.workers.dev/fail1 => Status: 
[2024-10-10 18:36:03]: [3400] Response: null
[2024-10-10 18:36:11]: [3400] Failed Retrying URL: https://webhook-test.info1100.workers.dev/fail1 => Status: 
[2024-10-10 18:36:11]: [3400] Response: null
[2024-10-10 18:36:27]: [3400] Failed Retrying URL: https://webhook-test.info1100.workers.dev/success2 => Status: 
[2024-10-10 18:36:27]: [3400] Response: null
[2024-10-10 18:36:28]: [3400] Failed Retrying URL: https://webhook-test.info1100.workers.dev/success2 => Status: 
[2024-10-10 18:36:28]: [3400] Response: null
[2024-10-10 18:36:30]: [3400] Failed Retrying URL: https://webhook-test.info1100.workers.dev/success2 => Status: 
[2024-10-10 18:36:30]: [3400] Response: null
[2024-10-10 18:36:34]: [3400] Failed Retrying URL: https://webhook-test.info1100.workers.dev/success2 => Status: 
[2024-10-10 18:36:34]: [3400] Response: null
[2024-10-10 18:36:42]: [3400] Failed Retrying URL: https://webhook-test.info1100.workers.dev/success2 => Status: 
[2024-10-10 18:36:42]: [3400] Response: null
[2024-10-10 18:36:58]: [3400] Failed Retrying URL: https://webhook-test.info1100.workers.dev/success1 => Status: 
[2024-10-10 18:36:58]: [3400] Response: null
[2024-10-10 18:36:59]: [3400] Failed Retrying URL: https://webhook-test.info1100.workers.dev/success1 => Status: 
[2024-10-10 18:36:59]: [3400] Response: null
[2024-10-10 18:37:01]: [3400] Failed Retrying URL: https://webhook-test.info1100.workers.dev/success1 => Status: 
[2024-10-10 18:37:01]: [3400] Response: null
[2024-10-10 18:37:05]: [3400] Failed Retrying URL: https://webhook-test.info1100.workers.dev/success1 => Status: 
[2024-10-10 18:37:05]: [3400] Response: null
[2024-10-10 18:37:14]: [3400] Failed Retrying URL: https://webhook-test.info1100.workers.dev/success1 => Status: 
[2024-10-10 18:37:14]: [3400] Response: null
[2024-10-10 18:37:30]: [3400] Failed Retrying URL: https://webhook-test.info1100.workers.dev/fail1 => Status: 
[2024-10-10 18:37:30]: [3400] Response: null
[2024-10-10 18:37:31]: [3400] Failed Retrying URL: https://webhook-test.info1100.workers.dev/fail1 => Status: 
[2024-10-10 18:37:31]: [3400] Response: null
[2024-10-10 18:37:33]: [3400] Failed Retrying URL: https://webhook-test.info1100.workers.dev/fail1 => Status: 
[2024-10-10 18:37:33]: [3400] Response: null
[2024-10-10 18:37:37]: [3400] Failed Retrying URL: https://webhook-test.info1100.workers.dev/fail1 => Status: 
[2024-10-10 18:37:37]: [3400] Response: null
[2024-10-10 18:37:45]: [3400] Failed Retrying URL: https://webhook-test.info1100.workers.dev/fail1 => Status: 
[2024-10-10 18:37:45]: [3400] Response: null
[2024-10-10 18:38:01]: [3400] Failed Retrying URL: https://webhook-test.info1100.workers.dev/retry1 => Status: 
[2024-10-10 18:38:01]: [3400] Response: null
[2024-10-10 18:38:02]: [3400] Failed Retrying URL: https://webhook-test.info1100.workers.dev/retry1 => Status: 
[2024-10-10 18:38:02]: [3400] Response: null
[2024-10-10 18:38:04]: [3400] Failed Retrying URL: https://webhook-test.info1100.workers.dev/retry1 => Status: 
[2024-10-10 18:38:04]: [3400] Response: null
[2024-10-10 18:38:08]: [3400] Failed Retrying URL: https://webhook-test.info1100.workers.dev/retry1 => Status: 
[2024-10-10 18:38:08]: [3400] Response: null
[2024-10-10 18:38:16]: [3400] Failed Retrying URL: https://webhook-test.info1100.workers.dev/retry1 => Status: 
[2024-10-10 18:38:16]: [3400] Response: null
[2024-10-10 18:38:32]: [3400] Failed Retrying URL: https://webhook-test.info1100.workers.dev/success2 => Status: 
[2024-10-10 18:38:32]: [3400] Response: null
[2024-10-10 18:38:33]: [3400] Failed Retrying URL: https://webhook-test.info1100.workers.dev/success2 => Status: 
[2024-10-10 18:38:33]: [3400] Response: null
[2024-10-10 18:38:35]: [3400] Failed Retrying URL: https://webhook-test.info1100.workers.dev/success2 => Status: 
[2024-10-10 18:38:35]: [3400] Response: null
[2024-10-10 18:38:39]: [3400] Failed Retrying URL: https://webhook-test.info1100.workers.dev/success2 => Status: 
[2024-10-10 18:38:39]: [3400] Response: null
[2024-10-10 18:38:47]: [3400] Failed Retrying URL: https://webhook-test.info1100.workers.dev/success2 => Status: 
[2024-10-10 18:38:48]: [3400] Response: null
[2024-10-10 18:39:04]: [3400] Failed Retrying URL: https://webhook-test.info1100.workers.dev/fail2 => Status: 
[2024-10-10 18:39:04]: [3400] Response: null
[2024-10-10 18:39:05]: [3400] Failed Retrying URL: https://webhook-test.info1100.workers.dev/fail2 => Status: 
[2024-10-10 18:39:05]: [3400] Response: null
[2024-10-10 18:39:07]: [3400] Failed Retrying URL: https://webhook-test.info1100.workers.dev/fail2 => Status: 
[2024-10-10 18:39:07]: [3400] Response: null
[2024-10-10 18:39:11]: [3400] Failed Retrying URL: https://webhook-test.info1100.workers.dev/fail2 => Status: 
[2024-10-10 18:39:11]: [3400] Response: null
[2024-10-10 18:39:19]: [3400] Failed Retrying URL: https://webhook-test.info1100.workers.dev/fail2 => Status: 
[2024-10-10 18:39:19]: [3400] Response: null
[2024-10-10 18:39:35]: [3400] Failed Retrying URL: https://webhook-test.info1100.workers.dev/retry1 => Status: 
[2024-10-10 18:39:35]: [3400] Response: null
[2024-10-10 18:39:36]: [3400] Failed Retrying URL: https://webhook-test.info1100.workers.dev/retry1 => Status: 
[2024-10-10 18:39:36]: [3400] Response: null
[2024-10-10 18:39:38]: [3400] Failed Retrying URL: https://webhook-test.info1100.workers.dev/retry1 => Status: 
[2024-10-10 18:39:38]: [3400] Response: null
[2024-10-10 18:39:42]: [3400] Failed Retrying URL: https://webhook-test.info1100.workers.dev/retry1 => Status: 
[2024-10-10 18:39:42]: [3400] Response: null
[2024-10-10 18:39:50]: [3400] Failed Retrying URL: https://webhook-test.info1100.workers.dev/retry1 => Status: 
[2024-10-10 18:39:50]: [3400] Response: null
[2024-10-10 18:40:06]: [3400] Failed Retrying URL: https://webhook-test.info1100.workers.dev/success1 => Status: 
[2024-10-10 18:40:06]: [3400] Response: null
[2024-10-10 18:40:07]: [3400] Failed Retrying URL: https://webhook-test.info1100.workers.dev/success1 => Status: 
[2024-10-10 18:40:07]: [3400] Response: null
[2024-10-10 18:40:09]: [3400] Failed Retrying URL: https://webhook-test.info1100.workers.dev/success1 => Status: 
[2024-10-10 18:40:09]: [3400] Response: null
[2024-10-10 18:40:13]: [3400] Failed Retrying URL: https://webhook-test.info1100.workers.dev/success1 => Status: 
[2024-10-10 18:40:13]: [3400] Response: null
[2024-10-10 18:40:22]: [3400] Failed Retrying URL: https://webhook-test.info1100.workers.dev/success1 => Status: 
[2024-10-10 18:40:22]: [3400] Response: null
[2024-10-10 18:40:38]: [3400] Failed Retrying URL: https://webhook-test.info1100.workers.dev/fail1 => Status: 
[2024-10-10 18:40:38]: [3400] Response: null
[2024-10-10 18:40:39]: [3400] Failed Retrying URL: https://webhook-test.info1100.workers.dev/fail1 => Status: 
[2024-10-10 18:40:39]: [3400] Response: null
[2024-10-10 18:40:41]: [3400] Failed Retrying URL: https://webhook-test.info1100.workers.dev/fail1 => Status: 
[2024-10-10 18:40:41]: [3400] Response: null
[2024-10-10 18:40:45]: [3400] Failed Retrying URL: https://webhook-test.info1100.workers.dev/fail1 => Status: 
[2024-10-10 18:40:45]: [3400] Response: null
[2024-10-10 18:40:53]: [3400] Failed Retrying URL: https://webhook-test.info1100.workers.dev/fail1 => Status: 
[2024-10-10 18:40:53]: [3400] Response: null
[2024-10-10 18:41:09]: [3400] Failed Retrying URL: https://webhook-test.info1100.workers.dev/fail1 => Status: 
[2024-10-10 18:41:09]: [3400] Response: null
[2024-10-10 18:41:10]: [3400] Failed Retrying URL: https://webhook-test.info1100.workers.dev/fail1 => Status: 
[2024-10-10 18:41:10]: [3400] Response: null
[2024-10-10 18:41:12]: [3400] Failed Retrying URL: https://webhook-test.info1100.workers.dev/fail1 => Status: 
[2024-10-10 18:41:12]: [3400] Response: null
[2024-10-10 18:41:16]: [3400] Failed Retrying URL: https://webhook-test.info1100.workers.dev/fail1 => Status: 
[2024-10-10 18:41:16]: [3400] Response: null
[2024-10-10 18:41:24]: [3400] Failed Retrying URL: https://webhook-test.info1100.workers.dev/fail1 => Status: 
[2024-10-10 18:41:24]: [3400] Response: null
[2024-10-10 18:52:11]: [3648] Webhook Service Started.
[2024-10-10 18:52:11]: [3648] Running process: [3648]
[2024-10-10 18:52:11]: [3648] Queue total: [15]
[2024-10-10 18:52:11]: [3648] Failed Retrying URL: https://webhook-test.info1100.workers.dev/fail1 => Status: 
[2024-10-10 18:52:11]: [3648] Response: null
[2024-10-10 18:52:12]: [3648] Failed Retrying URL: https://webhook-test.info1100.workers.dev/fail1 => Status: 
[2024-10-10 18:52:13]: [3648] Response: null
[2024-10-10 18:52:15]: [3648] Failed Retrying URL: https://webhook-test.info1100.workers.dev/fail1 => Status: 
[2024-10-10 18:52:15]: [3648] Response: null
[2024-10-10 18:52:19]: [3648] Failed Retrying URL: https://webhook-test.info1100.workers.dev/fail1 => Status: 
[2024-10-10 18:52:19]: [3648] Response: null
[2024-10-10 18:52:27]: [3648] Failed Retrying URL: https://webhook-test.info1100.workers.dev/fail1 => Status: 
[2024-10-10 18:52:27]: [3648] Response: null
[2024-10-10 18:52:43]: [3648] Failed Retrying URL: https://webhook-test.info1100.workers.dev/success2 => Status: 
[2024-10-10 18:52:43]: [3648] Response: null
[2024-10-10 18:52:44]: [3648] Failed Retrying URL: https://webhook-test.info1100.workers.dev/success2 => Status: 
[2024-10-10 18:52:44]: [3648] Response: null
[2024-10-10 18:52:46]: [3648] Failed Retrying URL: https://webhook-test.info1100.workers.dev/success2 => Status: 
[2024-10-10 18:52:46]: [3648] Response: null
[2024-10-10 18:52:50]: [3648] Failed Retrying URL: https://webhook-test.info1100.workers.dev/success2 => Status: 
[2024-10-10 18:52:50]: [3648] Response: null
[2024-10-10 18:52:58]: [3648] Failed Retrying URL: https://webhook-test.info1100.workers.dev/success2 => Status: 
[2024-10-10 18:52:58]: [3648] Response: null
[2024-10-10 18:53:14]: [3648] Failed Retrying URL: https://webhook-test.info1100.workers.dev/success1 => Status: 
[2024-10-10 18:53:14]: [3648] Response: null
[2024-10-10 18:53:15]: [3648] Failed Retrying URL: https://webhook-test.info1100.workers.dev/success1 => Status: 
[2024-10-10 18:53:15]: [3648] Response: null
[2024-10-10 18:53:17]: [3648] Failed Retrying URL: https://webhook-test.info1100.workers.dev/success1 => Status: 
[2024-10-10 18:53:17]: [3648] Response: null
[2024-10-10 18:53:21]: [3648] Failed Retrying URL: https://webhook-test.info1100.workers.dev/success1 => Status: 
[2024-10-10 18:53:21]: [3648] Response: null
[2024-10-10 18:53:29]: [3648] Failed Retrying URL: https://webhook-test.info1100.workers.dev/success1 => Status: 
[2024-10-10 18:53:29]: [3648] Response: null
[2024-10-10 18:53:46]: [3648] Failed Retrying URL: https://webhook-test.info1100.workers.dev/fail1 => Status: 
[2024-10-10 18:53:46]: [3648] Response: null
[2024-10-10 18:53:47]: [3648] Failed Retrying URL: https://webhook-test.info1100.workers.dev/fail1 => Status: 
[2024-10-10 18:53:47]: [3648] Response: null
[2024-10-10 18:53:49]: [3648] Failed Retrying URL: https://webhook-test.info1100.workers.dev/fail1 => Status: 
[2024-10-10 18:53:49]: [3648] Response: null
[2024-10-10 18:53:53]: [3648] Failed Retrying URL: https://webhook-test.info1100.workers.dev/fail1 => Status: 
[2024-10-10 18:53:53]: [3648] Response: null
[2024-10-10 18:54:01]: [3648] Failed Retrying URL: https://webhook-test.info1100.workers.dev/fail1 => Status: 
[2024-10-10 18:54:01]: [3648] Response: null
[2024-10-10 18:54:17]: [3648] Failed Retrying URL: https://webhook-test.info1100.workers.dev/retry1 => Status: 
[2024-10-10 18:54:17]: [3648] Response: null
[2024-10-10 18:54:18]: [3648] Failed Retrying URL: https://webhook-test.info1100.workers.dev/retry1 => Status: 
[2024-10-10 18:54:18]: [3648] Response: null
[2024-10-10 18:54:20]: [3648] Failed Retrying URL: https://webhook-test.info1100.workers.dev/retry1 => Status: 
[2024-10-10 18:54:20]: [3648] Response: null
[2024-10-10 18:54:24]: [3648] Failed Retrying URL: https://webhook-test.info1100.workers.dev/retry1 => Status: 
[2024-10-10 18:54:24]: [3648] Response: null
[2024-10-10 18:54:32]: [3648] Failed Retrying URL: https://webhook-test.info1100.workers.dev/retry1 => Status: 
[2024-10-10 18:54:32]: [3648] Response: null
[2024-10-10 18:54:48]: [3648] Failed Retrying URL: https://webhook-test.info1100.workers.dev/success2 => Status: 
[2024-10-10 18:54:48]: [3648] Response: null
[2024-10-10 18:54:49]: [3648] Failed Retrying URL: https://webhook-test.info1100.workers.dev/success2 => Status: 
[2024-10-10 18:54:49]: [3648] Response: null
[2024-10-10 18:54:51]: [3648] Failed Retrying URL: https://webhook-test.info1100.workers.dev/success2 => Status: 
[2024-10-10 18:54:51]: [3648] Response: null
[2024-10-10 18:54:55]: [3648] Failed Retrying URL: https://webhook-test.info1100.workers.dev/success2 => Status: 
[2024-10-10 18:54:55]: [3648] Response: null
[2024-10-10 18:55:03]: [3648] Failed Retrying URL: https://webhook-test.info1100.workers.dev/success2 => Status: 
[2024-10-10 18:55:04]: [3648] Response: null
[2024-10-10 18:55:20]: [3648] Failed Retrying URL: https://webhook-test.info1100.workers.dev/fail2 => Status: 
[2024-10-10 18:55:20]: [3648] Response: null
[2024-10-10 18:55:21]: [3648] Failed Retrying URL: https://webhook-test.info1100.workers.dev/fail2 => Status: 
[2024-10-10 18:55:21]: [3648] Response: null
[2024-10-10 18:55:23]: [3648] Failed Retrying URL: https://webhook-test.info1100.workers.dev/fail2 => Status: 
[2024-10-10 18:55:23]: [3648] Response: null
[2024-10-10 18:55:27]: [3648] Failed Retrying URL: https://webhook-test.info1100.workers.dev/fail2 => Status: 
[2024-10-10 18:55:27]: [3648] Response: null
[2024-10-10 18:55:35]: [3648] Failed Retrying URL: https://webhook-test.info1100.workers.dev/fail2 => Status: 
[2024-10-10 18:55:35]: [3648] Response: null
[2024-10-10 18:55:51]: [3648] Failed Retrying URL: https://webhook-test.info1100.workers.dev/retry1 => Status: 
[2024-10-10 18:55:51]: [3648] Response: null
[2024-10-10 18:55:52]: [3648] Failed Retrying URL: https://webhook-test.info1100.workers.dev/retry1 => Status: 
[2024-10-10 18:55:52]: [3648] Response: null
[2024-10-10 18:55:54]: [3648] Failed Retrying URL: https://webhook-test.info1100.workers.dev/retry1 => Status: 
[2024-10-10 18:55:54]: [3648] Response: null
[2024-10-10 18:55:58]: [3648] Failed Retrying URL: https://webhook-test.info1100.workers.dev/retry1 => Status: 
[2024-10-10 18:55:58]: [3648] Response: null
[2024-10-10 18:56:06]: [3648] Failed Retrying URL: https://webhook-test.info1100.workers.dev/retry1 => Status: 
[2024-10-10 18:56:06]: [3648] Response: null
[2024-10-10 18:56:22]: [3648] Failed Retrying URL: https://webhook-test.info1100.workers.dev/success1 => Status: 
[2024-10-10 18:56:22]: [3648] Response: null
[2024-10-10 18:56:23]: [3648] Failed Retrying URL: https://webhook-test.info1100.workers.dev/success1 => Status: 
[2024-10-10 18:56:23]: [3648] Response: null
[2024-10-10 18:56:25]: [3648] Failed Retrying URL: https://webhook-test.info1100.workers.dev/success1 => Status: 
[2024-10-10 18:56:25]: [3648] Response: null
[2024-10-10 18:56:29]: [3648] Failed Retrying URL: https://webhook-test.info1100.workers.dev/success1 => Status: 
[2024-10-10 18:56:29]: [3648] Response: null
[2024-10-10 18:56:37]: [3648] Failed Retrying URL: https://webhook-test.info1100.workers.dev/success1 => Status: 
[2024-10-10 18:56:38]: [3648] Response: null
[2024-10-10 18:56:54]: [3648] Failed Retrying URL: https://webhook-test.info1100.workers.dev/fail1 => Status: 
[2024-10-10 18:56:54]: [3648] Response: null
[2024-10-10 18:56:55]: [3648] Failed Retrying URL: https://webhook-test.info1100.workers.dev/fail1 => Status: 
[2024-10-10 18:56:55]: [3648] Response: null
[2024-10-10 18:56:57]: [3648] Failed Retrying URL: https://webhook-test.info1100.workers.dev/fail1 => Status: 
[2024-10-10 18:56:57]: [3648] Response: null
[2024-10-10 18:57:01]: [3648] Failed Retrying URL: https://webhook-test.info1100.workers.dev/fail1 => Status: 
[2024-10-10 18:57:01]: [3648] Response: null
[2024-10-10 18:57:09]: [3648] Failed Retrying URL: https://webhook-test.info1100.workers.dev/fail1 => Status: 
[2024-10-10 18:57:09]: [3648] Response: null
[2024-10-10 18:57:25]: [3648] Failed Retrying URL: https://webhook-test.info1100.workers.dev/fail1 => Status: 
[2024-10-10 18:57:25]: [3648] Response: null
[2024-10-10 18:57:26]: [3648] Failed Retrying URL: https://webhook-test.info1100.workers.dev/fail1 => Status: 
[2024-10-10 18:57:26]: [3648] Response: null
[2024-10-10 18:57:28]: [3648] Failed Retrying URL: https://webhook-test.info1100.workers.dev/fail1 => Status: 
[2024-10-10 18:57:28]: [3648] Response: null
[2024-10-10 18:57:32]: [3648] Failed Retrying URL: https://webhook-test.info1100.workers.dev/fail1 => Status: 
[2024-10-10 18:57:32]: [3648] Response: null
[2024-10-10 18:57:40]: [3648] Failed Retrying URL: https://webhook-test.info1100.workers.dev/fail1 => Status: 
[2024-10-10 18:57:40]: [3648] Response: null
[2024-10-10 18:57:56]: [3648] Failed Retrying URL: https://webhook-test.info1100.workers.dev/fail1 => Status: 
[2024-10-10 18:57:56]: [3648] Response: null
[2024-10-10 18:57:57]: [3648] Failed Retrying URL: https://webhook-test.info1100.workers.dev/fail1 => Status: 
[2024-10-10 18:57:57]: [3648] Response: null
[2024-10-10 18:57:59]: [3648] Failed Retrying URL: https://webhook-test.info1100.workers.dev/fail1 => Status: 
[2024-10-10 18:57:59]: [3648] Response: null
[2024-10-10 18:58:03]: [3648] Failed Retrying URL: https://webhook-test.info1100.workers.dev/fail1 => Status: 
[2024-10-10 18:58:03]: [3648] Response: null
[2024-10-10 18:58:12]: [3648] Failed Retrying URL: https://webhook-test.info1100.workers.dev/fail1 => Status: 
[2024-10-10 18:58:12]: [3648] Response: null
[2024-10-10 18:58:28]: [3648] Failed Retrying URL: https://webhook-test.info1100.workers.dev/fail1 => Status: 
[2024-10-10 18:58:28]: [3648] Response: null
[2024-10-10 18:58:29]: [3648] Failed Retrying URL: https://webhook-test.info1100.workers.dev/fail1 => Status: 
[2024-10-10 18:58:29]: [3648] Response: null
[2024-10-10 18:58:31]: [3648] Failed Retrying URL: https://webhook-test.info1100.workers.dev/fail1 => Status: 
[2024-10-10 18:58:31]: [3648] Response: null
[2024-10-10 18:58:35]: [3648] Failed Retrying URL: https://webhook-test.info1100.workers.dev/fail1 => Status: 
[2024-10-10 18:58:35]: [3648] Response: null
[2024-10-10 18:58:43]: [3648] Failed Retrying URL: https://webhook-test.info1100.workers.dev/fail1 => Status: 
[2024-10-10 18:58:43]: [3648] Response: null
[2024-10-10 18:58:59]: [3648] Failed Retrying URL: https://webhook-test.info1100.workers.dev/fail1 => Status: 
[2024-10-10 18:58:59]: [3648] Response: null
[2024-10-10 18:59:00]: [3648] Failed Retrying URL: https://webhook-test.info1100.workers.dev/fail1 => Status: 
[2024-10-10 18:59:00]: [3648] Response: null
[2024-10-10 18:59:02]: [3648] Failed Retrying URL: https://webhook-test.info1100.workers.dev/fail1 => Status: 
[2024-10-10 18:59:02]: [3648] Response: null
[2024-10-10 18:59:06]: [3648] Failed Retrying URL: https://webhook-test.info1100.workers.dev/fail1 => Status: 
[2024-10-10 18:59:06]: [3648] Response: null
[2024-10-10 18:59:14]: [3648] Failed Retrying URL: https://webhook-test.info1100.workers.dev/fail1 => Status: 
[2024-10-10 18:59:14]: [3648] Response: null
[2024-10-10 18:59:30]: [3648] Process complete.
